\BOOKMARK [1][-]{section.1}{はじめに}{}% 1
\BOOKMARK [2][-]{subsection.1.1}{LaTeX版文書クラス}{section.1}% 2
\BOOKMARK [2][-]{subsection.1.2}{Word版テンプレート}{section.1}% 3
\BOOKMARK [2][-]{subsection.1.3}{クレジット}{section.1}% 4
\BOOKMARK [1][-]{section.2}{投稿論文の必須要件}{}% 5
\BOOKMARK [1][-]{section.3}{投稿論文の体裁}{}% 6
\BOOKMARK [2][-]{subsection.3.1}{本文}{section.3}% 7
\BOOKMARK [2][-]{subsection.3.2}{Writing in English}{section.3}% 8
\BOOKMARK [2][-]{subsection.3.3}{図，表，例文等}{section.3}% 9
\BOOKMARK [3][-]{subsubsection.3.3.1}{図の挿入}{subsection.3.3}% 10
\BOOKMARK [3][-]{subsubsection.3.3.2}{表の挿入}{subsection.3.3}% 11
\BOOKMARK [2][-]{subsection.3.4}{謝辞}{section.3}% 12
\BOOKMARK [2][-]{subsection.3.5}{参考文献}{section.3}% 13
\BOOKMARK [2][-]{subsection.3.6}{脚注}{section.3}% 14
\BOOKMARK [2][-]{subsection.3.7}{付録 \(Appendix\)}{section.3}% 15
\BOOKMARK [1][-]{section.4}{おわりに}{}% 16
\BOOKMARK [1][-]{appendix.A}{参考情報}{}% 17
\BOOKMARK [2][-]{subsection.A.1}{長い見出しへの対応}{appendix.A}% 18
\BOOKMARK [3][-]{subsubsection.A.1.1}{長い長い長い長い長い長い長い長い長い長い長い長い長い長い長い長い長い長い長い長い長い長い長い長い見出し}{subsection.A.1}% 19
\BOOKMARK [3][-]{subsubsection.A.1.2}{長い長い長い長い長い長い長い長い長い長い長い長い長い長い長い長い長い長い長い長い長い長い長い長い見出し}{subsection.A.1}% 20
\BOOKMARK [2][-]{subsection.A.2}{色つけ}{appendix.A}% 21
\BOOKMARK [2][-]{subsection.A.3}{hyperref}{appendix.A}% 22
\BOOKMARK [2][-]{subsection.A.4}{Overleaf}{appendix.A}% 23
\BOOKMARK [1][-]{appendix.B}{ダミーテキスト}{}% 24
\BOOKMARK [2][-]{subsection.B.1}{サブセクション1}{appendix.B}% 25
\BOOKMARK [3][-]{subsubsection.B.1.1}{サブサブセクション1}{subsection.B.1}% 26
